{"level":"info","message":"Server running in production mode on port 3000","timestamp":"2025-03-29T19:08:55.823Z"}
{"level":"info","message":"Allowed CORS origins: http://localhost:3001, https://notebookforu.vercel.app, http://localhost:3000, http://127.0.0.1:3000","timestamp":"2025-03-29T19:08:55.827Z"}
{"level":"info","message":"MongoDB connected successfully","timestamp":"2025-03-29T19:08:56.379Z"}
{"level":"info","message":"Email transporter ready","timestamp":"2025-03-29T19:08:58.316Z"}
{"level":"info","message":"SIGINT received. Shutting down gracefully...","timestamp":"2025-03-30T04:31:36.227Z"}
{"level":"info","message":"Server running in production mode on port 3000","timestamp":"2025-03-30T04:31:40.111Z"}
{"level":"info","message":"Allowed CORS origins: https://notebookforu.vercel.app, https://notebookforu.vercel.app, http://localhost:3000, http://127.0.0.1:3000","timestamp":"2025-03-30T04:31:40.115Z"}
{"level":"info","message":"MongoDB connected successfully","timestamp":"2025-03-30T04:31:40.983Z"}
{"level":"info","message":"Email transporter ready","timestamp":"2025-03-30T04:31:42.653Z"}
{"level":"warn","message":"CORS blocked for origin: http://localhost:3001","timestamp":"2025-03-30T04:32:23.221Z"}
{"ip":"::1","level":"error","message":"Unhandled error: Not allowed by CORS","method":"OPTIONS","path":"/api/subscribe","stack":"Error: Not allowed by CORS\n    at origin (C:\\Users\\Asus\\notebookforu\\backend\\server.js:59:16)\n    at C:\\Users\\Asus\\notebookforu\\backend\\node_modules\\cors\\lib\\index.js:219:13\n    at optionsCallback (C:\\Users\\Asus\\notebookforu\\backend\\node_modules\\cors\\lib\\index.js:199:9)\n    at corsMiddleware (C:\\Users\\Asus\\notebookforu\\backend\\node_modules\\cors\\lib\\index.js:204:7)\n    at Layer.handle [as handle_request] (C:\\Users\\Asus\\notebookforu\\backend\\node_modules\\express\\lib\\router\\layer.js:95:5)\n    at trim_prefix (C:\\Users\\Asus\\notebookforu\\backend\\node_modules\\express\\lib\\router\\index.js:328:13)\n    at C:\\Users\\Asus\\notebookforu\\backend\\node_modules\\express\\lib\\router\\index.js:286:9\n    at Function.process_params (C:\\Users\\Asus\\notebookforu\\backend\\node_modules\\express\\lib\\router\\index.js:346:12)\n    at next (C:\\Users\\Asus\\notebookforu\\backend\\node_modules\\express\\lib\\router\\index.js:280:10)\n    at expressInit (C:\\Users\\Asus\\notebookforu\\backend\\node_modules\\express\\lib\\middleware\\init.js:40:5)","timestamp":"2025-03-30T04:32:23.227Z"}
{"level":"warn","message":"CORS blocked for origin: http://localhost:3001","timestamp":"2025-03-30T04:43:48.463Z"}
{"ip":"::1","level":"error","message":"Unhandled error: Not allowed by CORS","method":"OPTIONS","path":"/api/api/contact","stack":"Error: Not allowed by CORS\n    at origin (C:\\Users\\Asus\\notebookforu\\backend\\server.js:59:16)\n    at C:\\Users\\Asus\\notebookforu\\backend\\node_modules\\cors\\lib\\index.js:219:13\n    at optionsCallback (C:\\Users\\Asus\\notebookforu\\backend\\node_modules\\cors\\lib\\index.js:199:9)\n    at corsMiddleware (C:\\Users\\Asus\\notebookforu\\backend\\node_modules\\cors\\lib\\index.js:204:7)\n    at Layer.handle [as handle_request] (C:\\Users\\Asus\\notebookforu\\backend\\node_modules\\express\\lib\\router\\layer.js:95:5)\n    at trim_prefix (C:\\Users\\Asus\\notebookforu\\backend\\node_modules\\express\\lib\\router\\index.js:328:13)\n    at C:\\Users\\Asus\\notebookforu\\backend\\node_modules\\express\\lib\\router\\index.js:286:9\n    at Function.process_params (C:\\Users\\Asus\\notebookforu\\backend\\node_modules\\express\\lib\\router\\index.js:346:12)\n    at next (C:\\Users\\Asus\\notebookforu\\backend\\node_modules\\express\\lib\\router\\index.js:280:10)\n    at expressInit (C:\\Users\\Asus\\notebookforu\\backend\\node_modules\\express\\lib\\middleware\\init.js:40:5)","timestamp":"2025-03-30T04:43:48.466Z"}
{"level":"warn","message":"CORS blocked for origin: http://localhost:3001","timestamp":"2025-03-30T04:44:39.546Z"}
{"ip":"::1","level":"error","message":"Unhandled error: Not allowed by CORS","method":"OPTIONS","path":"/api/contact","stack":"Error: Not allowed by CORS\n    at origin (C:\\Users\\Asus\\notebookforu\\backend\\server.js:59:16)\n    at C:\\Users\\Asus\\notebookforu\\backend\\node_modules\\cors\\lib\\index.js:219:13\n    at optionsCallback (C:\\Users\\Asus\\notebookforu\\backend\\node_modules\\cors\\lib\\index.js:199:9)\n    at corsMiddleware (C:\\Users\\Asus\\notebookforu\\backend\\node_modules\\cors\\lib\\index.js:204:7)\n    at Layer.handle [as handle_request] (C:\\Users\\Asus\\notebookforu\\backend\\node_modules\\express\\lib\\router\\layer.js:95:5)\n    at trim_prefix (C:\\Users\\Asus\\notebookforu\\backend\\node_modules\\express\\lib\\router\\index.js:328:13)\n    at C:\\Users\\Asus\\notebookforu\\backend\\node_modules\\express\\lib\\router\\index.js:286:9\n    at Function.process_params (C:\\Users\\Asus\\notebookforu\\backend\\node_modules\\express\\lib\\router\\index.js:346:12)\n    at next (C:\\Users\\Asus\\notebookforu\\backend\\node_modules\\express\\lib\\router\\index.js:280:10)\n    at expressInit (C:\\Users\\Asus\\notebookforu\\backend\\node_modules\\express\\lib\\middleware\\init.js:40:5)","timestamp":"2025-03-30T04:44:39.550Z"}
{"level":"warn","message":"CORS blocked for origin: http://localhost:3001","timestamp":"2025-03-30T04:45:06.362Z"}
{"ip":"::1","level":"error","message":"Unhandled error: Not allowed by CORS","method":"OPTIONS","path":"/api/contact","stack":"Error: Not allowed by CORS\n    at origin (C:\\Users\\Asus\\notebookforu\\backend\\server.js:59:16)\n    at C:\\Users\\Asus\\notebookforu\\backend\\node_modules\\cors\\lib\\index.js:219:13\n    at optionsCallback (C:\\Users\\Asus\\notebookforu\\backend\\node_modules\\cors\\lib\\index.js:199:9)\n    at corsMiddleware (C:\\Users\\Asus\\notebookforu\\backend\\node_modules\\cors\\lib\\index.js:204:7)\n    at Layer.handle [as handle_request] (C:\\Users\\Asus\\notebookforu\\backend\\node_modules\\express\\lib\\router\\layer.js:95:5)\n    at trim_prefix (C:\\Users\\Asus\\notebookforu\\backend\\node_modules\\express\\lib\\router\\index.js:328:13)\n    at C:\\Users\\Asus\\notebookforu\\backend\\node_modules\\express\\lib\\router\\index.js:286:9\n    at Function.process_params (C:\\Users\\Asus\\notebookforu\\backend\\node_modules\\express\\lib\\router\\index.js:346:12)\n    at next (C:\\Users\\Asus\\notebookforu\\backend\\node_modules\\express\\lib\\router\\index.js:280:10)\n    at expressInit (C:\\Users\\Asus\\notebookforu\\backend\\node_modules\\express\\lib\\middleware\\init.js:40:5)","timestamp":"2025-03-30T04:45:06.363Z"}
{"level":"info","message":"SIGINT received. Shutting down gracefully...","timestamp":"2025-03-30T05:08:28.774Z"}
{"level":"info","message":"MongoDB connection closed","timestamp":"2025-03-30T05:08:29.889Z"}
{"address":"::","code":"EADDRINUSE","errno":-4091,"level":"error","message":"Uncaught Exception: listen EADDRINUSE: address already in use :::3000","port":3000,"stack":"Error: listen EADDRINUSE: address already in use :::3000\n    at Server.setupListenHandle [as _listen2] (node:net:1937:16)\n    at listenInCluster (node:net:1994:12)\n    at Server.listen (node:net:2099:7)\n    at Function.listen (C:\\Users\\Asus\\notebookforu\\backend\\node_modules\\express\\lib\\application.js:635:24)\n    at Object.<anonymous> (C:\\Users\\Asus\\notebookforu\\backend\\server.js:458:20)\n    at Module._compile (node:internal/modules/cjs/loader:1554:14)\n    at Object..js (node:internal/modules/cjs/loader:1706:10)\n    at Module.load (node:internal/modules/cjs/loader:1289:32)\n    at Function._load (node:internal/modules/cjs/loader:1108:12)\n    at TracingChannel.traceSync (node:diagnostics_channel:322:14)","syscall":"listen","timestamp":"2025-03-30T05:51:16.310Z"}
{"level":"info","message":"uncaughtException received. Shutting down gracefully...","timestamp":"2025-03-30T05:51:16.314Z"}
{"level":"info","message":"MongoDB connected successfully","timestamp":"2025-03-30T05:51:17.182Z"}
{"level":"info","message":"Server running in production mode on port 3000","timestamp":"2025-03-30T05:51:35.880Z"}
{"level":"info","message":"Allowed CORS origins: https://notebookforu.vercel.app, https://notebookforu.vercel.app, http://localhost:3000, http://127.0.0.1:3000","timestamp":"2025-03-30T05:51:35.884Z"}
{"level":"info","message":"Email transporter ready","timestamp":"2025-03-30T05:51:38.641Z"}
{"level":"info","message":"MongoDB connected successfully","timestamp":"2025-03-30T05:51:38.683Z"}
{"level":"warn","message":"CORS blocked for origin: http://localhost:3001","timestamp":"2025-03-30T05:53:25.561Z"}
{"ip":"::1","level":"error","message":"Unhandled error: Not allowed by CORS","method":"OPTIONS","path":"/api/subscribe","stack":"Error: Not allowed by CORS\n    at origin (C:\\Users\\Asus\\notebookforu\\backend\\server.js:63:16)\n    at C:\\Users\\Asus\\notebookforu\\backend\\node_modules\\cors\\lib\\index.js:219:13\n    at optionsCallback (C:\\Users\\Asus\\notebookforu\\backend\\node_modules\\cors\\lib\\index.js:199:9)\n    at corsMiddleware (C:\\Users\\Asus\\notebookforu\\backend\\node_modules\\cors\\lib\\index.js:204:7)\n    at Layer.handle [as handle_request] (C:\\Users\\Asus\\notebookforu\\backend\\node_modules\\express\\lib\\router\\layer.js:95:5)\n    at trim_prefix (C:\\Users\\Asus\\notebookforu\\backend\\node_modules\\express\\lib\\router\\index.js:328:13)\n    at C:\\Users\\Asus\\notebookforu\\backend\\node_modules\\express\\lib\\router\\index.js:286:9\n    at Function.process_params (C:\\Users\\Asus\\notebookforu\\backend\\node_modules\\express\\lib\\router\\index.js:346:12)\n    at next (C:\\Users\\Asus\\notebookforu\\backend\\node_modules\\express\\lib\\router\\index.js:280:10)\n    at expressInit (C:\\Users\\Asus\\notebookforu\\backend\\node_modules\\express\\lib\\middleware\\init.js:40:5)","timestamp":"2025-03-30T05:53:25.564Z"}
{"level":"warn","message":"CORS blocked for origin: http://localhost:3001","timestamp":"2025-03-30T05:54:14.921Z"}
{"ip":"::1","level":"error","message":"Unhandled error: Not allowed by CORS","method":"OPTIONS","path":"/api/contact","stack":"Error: Not allowed by CORS\n    at origin (C:\\Users\\Asus\\notebookforu\\backend\\server.js:63:16)\n    at C:\\Users\\Asus\\notebookforu\\backend\\node_modules\\cors\\lib\\index.js:219:13\n    at optionsCallback (C:\\Users\\Asus\\notebookforu\\backend\\node_modules\\cors\\lib\\index.js:199:9)\n    at corsMiddleware (C:\\Users\\Asus\\notebookforu\\backend\\node_modules\\cors\\lib\\index.js:204:7)\n    at Layer.handle [as handle_request] (C:\\Users\\Asus\\notebookforu\\backend\\node_modules\\express\\lib\\router\\layer.js:95:5)\n    at trim_prefix (C:\\Users\\Asus\\notebookforu\\backend\\node_modules\\express\\lib\\router\\index.js:328:13)\n    at C:\\Users\\Asus\\notebookforu\\backend\\node_modules\\express\\lib\\router\\index.js:286:9\n    at Function.process_params (C:\\Users\\Asus\\notebookforu\\backend\\node_modules\\express\\lib\\router\\index.js:346:12)\n    at next (C:\\Users\\Asus\\notebookforu\\backend\\node_modules\\express\\lib\\router\\index.js:280:10)\n    at expressInit (C:\\Users\\Asus\\notebookforu\\backend\\node_modules\\express\\lib\\middleware\\init.js:40:5)","timestamp":"2025-03-30T05:54:14.924Z"}
{"level":"warn","message":"CORS blocked for origin: http://localhost:3001","timestamp":"2025-03-30T06:08:47.297Z"}
{"ip":"::1","level":"error","message":"Unhandled error: Not allowed by CORS","method":"OPTIONS","path":"/api/subscribe","stack":"Error: Not allowed by CORS\n    at origin (C:\\Users\\Asus\\notebookforu\\backend\\server.js:63:16)\n    at C:\\Users\\Asus\\notebookforu\\backend\\node_modules\\cors\\lib\\index.js:219:13\n    at optionsCallback (C:\\Users\\Asus\\notebookforu\\backend\\node_modules\\cors\\lib\\index.js:199:9)\n    at corsMiddleware (C:\\Users\\Asus\\notebookforu\\backend\\node_modules\\cors\\lib\\index.js:204:7)\n    at Layer.handle [as handle_request] (C:\\Users\\Asus\\notebookforu\\backend\\node_modules\\express\\lib\\router\\layer.js:95:5)\n    at trim_prefix (C:\\Users\\Asus\\notebookforu\\backend\\node_modules\\express\\lib\\router\\index.js:328:13)\n    at C:\\Users\\Asus\\notebookforu\\backend\\node_modules\\express\\lib\\router\\index.js:286:9\n    at Function.process_params (C:\\Users\\Asus\\notebookforu\\backend\\node_modules\\express\\lib\\router\\index.js:346:12)\n    at next (C:\\Users\\Asus\\notebookforu\\backend\\node_modules\\express\\lib\\router\\index.js:280:10)\n    at expressInit (C:\\Users\\Asus\\notebookforu\\backend\\node_modules\\express\\lib\\middleware\\init.js:40:5)","timestamp":"2025-03-30T06:08:47.306Z"}
{"level":"warn","message":"CORS blocked for origin: http://localhost:3001","timestamp":"2025-03-30T06:08:48.956Z"}
{"ip":"::1","level":"error","message":"Unhandled error: Not allowed by CORS","method":"OPTIONS","path":"/api/subscribe","stack":"Error: Not allowed by CORS\n    at origin (C:\\Users\\Asus\\notebookforu\\backend\\server.js:63:16)\n    at C:\\Users\\Asus\\notebookforu\\backend\\node_modules\\cors\\lib\\index.js:219:13\n    at optionsCallback (C:\\Users\\Asus\\notebookforu\\backend\\node_modules\\cors\\lib\\index.js:199:9)\n    at corsMiddleware (C:\\Users\\Asus\\notebookforu\\backend\\node_modules\\cors\\lib\\index.js:204:7)\n    at Layer.handle [as handle_request] (C:\\Users\\Asus\\notebookforu\\backend\\node_modules\\express\\lib\\router\\layer.js:95:5)\n    at trim_prefix (C:\\Users\\Asus\\notebookforu\\backend\\node_modules\\express\\lib\\router\\index.js:328:13)\n    at C:\\Users\\Asus\\notebookforu\\backend\\node_modules\\express\\lib\\router\\index.js:286:9\n    at Function.process_params (C:\\Users\\Asus\\notebookforu\\backend\\node_modules\\express\\lib\\router\\index.js:346:12)\n    at next (C:\\Users\\Asus\\notebookforu\\backend\\node_modules\\express\\lib\\router\\index.js:280:10)\n    at expressInit (C:\\Users\\Asus\\notebookforu\\backend\\node_modules\\express\\lib\\middleware\\init.js:40:5)","timestamp":"2025-03-30T06:08:48.957Z"}
{"level":"warn","message":"CORS blocked for origin: http://localhost:3001","timestamp":"2025-03-30T06:15:35.565Z"}
{"ip":"::1","level":"error","message":"Unhandled error: Not allowed by CORS","method":"OPTIONS","path":"/api/contact","stack":"Error: Not allowed by CORS\n    at origin (C:\\Users\\Asus\\notebookforu\\backend\\server.js:63:16)\n    at C:\\Users\\Asus\\notebookforu\\backend\\node_modules\\cors\\lib\\index.js:219:13\n    at optionsCallback (C:\\Users\\Asus\\notebookforu\\backend\\node_modules\\cors\\lib\\index.js:199:9)\n    at corsMiddleware (C:\\Users\\Asus\\notebookforu\\backend\\node_modules\\cors\\lib\\index.js:204:7)\n    at Layer.handle [as handle_request] (C:\\Users\\Asus\\notebookforu\\backend\\node_modules\\express\\lib\\router\\layer.js:95:5)\n    at trim_prefix (C:\\Users\\Asus\\notebookforu\\backend\\node_modules\\express\\lib\\router\\index.js:328:13)\n    at C:\\Users\\Asus\\notebookforu\\backend\\node_modules\\express\\lib\\router\\index.js:286:9\n    at Function.process_params (C:\\Users\\Asus\\notebookforu\\backend\\node_modules\\express\\lib\\router\\index.js:346:12)\n    at next (C:\\Users\\Asus\\notebookforu\\backend\\node_modules\\express\\lib\\router\\index.js:280:10)\n    at expressInit (C:\\Users\\Asus\\notebookforu\\backend\\node_modules\\express\\lib\\middleware\\init.js:40:5)","timestamp":"2025-03-30T06:15:35.571Z"}
{"level":"warn","message":"CORS blocked for origin: http://localhost:3001","timestamp":"2025-03-30T06:15:53.459Z"}
{"ip":"::1","level":"error","message":"Unhandled error: Not allowed by CORS","method":"OPTIONS","path":"/api/subscribe","stack":"Error: Not allowed by CORS\n    at origin (C:\\Users\\Asus\\notebookforu\\backend\\server.js:63:16)\n    at C:\\Users\\Asus\\notebookforu\\backend\\node_modules\\cors\\lib\\index.js:219:13\n    at optionsCallback (C:\\Users\\Asus\\notebookforu\\backend\\node_modules\\cors\\lib\\index.js:199:9)\n    at corsMiddleware (C:\\Users\\Asus\\notebookforu\\backend\\node_modules\\cors\\lib\\index.js:204:7)\n    at Layer.handle [as handle_request] (C:\\Users\\Asus\\notebookforu\\backend\\node_modules\\express\\lib\\router\\layer.js:95:5)\n    at trim_prefix (C:\\Users\\Asus\\notebookforu\\backend\\node_modules\\express\\lib\\router\\index.js:328:13)\n    at C:\\Users\\Asus\\notebookforu\\backend\\node_modules\\express\\lib\\router\\index.js:286:9\n    at Function.process_params (C:\\Users\\Asus\\notebookforu\\backend\\node_modules\\express\\lib\\router\\index.js:346:12)\n    at next (C:\\Users\\Asus\\notebookforu\\backend\\node_modules\\express\\lib\\router\\index.js:280:10)\n    at expressInit (C:\\Users\\Asus\\notebookforu\\backend\\node_modules\\express\\lib\\middleware\\init.js:40:5)","timestamp":"2025-03-30T06:15:53.463Z"}
{"level":"info","message":"SIGINT received. Shutting down gracefully...","timestamp":"2025-03-30T06:16:10.110Z"}
{"level":"info","message":"Server running in production mode on port 3000","timestamp":"2025-03-30T06:16:15.124Z"}
{"level":"info","message":"Allowed CORS origins: https://notebookforu.vercel.app, https://notebookforu.vercel.app, http://localhost:3000, http://127.0.0.1:3000, http://localhost:3001","timestamp":"2025-03-30T06:16:15.138Z"}
{"level":"info","message":"MongoDB connected successfully","timestamp":"2025-03-30T06:16:16.453Z"}
{"level":"info","message":"Email transporter ready","timestamp":"2025-03-30T06:16:17.138Z"}
{"level":"info","message":"SIGINT received. Shutting down gracefully...","timestamp":"2025-03-30T06:16:18.062Z"}
{"level":"info","message":"Server running in production mode on port 3000","timestamp":"2025-03-30T06:16:25.090Z"}
{"level":"info","message":"Allowed CORS origins: https://notebookforu.vercel.app, https://notebookforu.vercel.app, http://localhost:3000, http://127.0.0.1:3000, http://localhost:3001","timestamp":"2025-03-30T06:16:25.095Z"}
{"level":"info","message":"MongoDB connected successfully","timestamp":"2025-03-30T06:16:25.764Z"}
{"level":"info","message":"Email transporter ready","timestamp":"2025-03-30T06:16:27.614Z"}
{"address":"::","code":"EADDRINUSE","errno":-4091,"level":"error","message":"Uncaught Exception: listen EADDRINUSE: address already in use :::3000","port":3000,"stack":"Error: listen EADDRINUSE: address already in use :::3000\n    at Server.setupListenHandle [as _listen2] (node:net:1937:16)\n    at listenInCluster (node:net:1994:12)\n    at Server.listen (node:net:2099:7)\n    at Function.listen (C:\\Users\\Asus\\notebookforu\\backend\\node_modules\\express\\lib\\application.js:635:24)\n    at Object.<anonymous> (C:\\Users\\Asus\\notebookforu\\backend\\server.js:459:20)\n    at Module._compile (node:internal/modules/cjs/loader:1554:14)\n    at Object..js (node:internal/modules/cjs/loader:1706:10)\n    at Module.load (node:internal/modules/cjs/loader:1289:32)\n    at Function._load (node:internal/modules/cjs/loader:1108:12)\n    at TracingChannel.traceSync (node:diagnostics_channel:322:14)","syscall":"listen","timestamp":"2025-03-30T12:12:02.094Z"}
{"level":"info","message":"uncaughtException received. Shutting down gracefully...","timestamp":"2025-03-30T12:12:02.109Z"}
{"level":"info","message":"MongoDB connected successfully","timestamp":"2025-03-30T12:12:02.800Z"}
{"address":"::","code":"EADDRINUSE","errno":-4091,"level":"error","message":"Uncaught Exception: listen EADDRINUSE: address already in use :::3000","port":3000,"stack":"Error: listen EADDRINUSE: address already in use :::3000\n    at Server.setupListenHandle [as _listen2] (node:net:1937:16)\n    at listenInCluster (node:net:1994:12)\n    at Server.listen (node:net:2099:7)\n    at Function.listen (C:\\Users\\Asus\\notebookforu\\backend\\node_modules\\express\\lib\\application.js:635:24)\n    at Object.<anonymous> (C:\\Users\\Asus\\notebookforu\\backend\\server.js:495:20)\n    at Module._compile (node:internal/modules/cjs/loader:1554:14)\n    at Object..js (node:internal/modules/cjs/loader:1706:10)\n    at Module.load (node:internal/modules/cjs/loader:1289:32)\n    at Function._load (node:internal/modules/cjs/loader:1108:12)\n    at TracingChannel.traceSync (node:diagnostics_channel:322:14)","syscall":"listen","timestamp":"2025-03-30T15:48:57.697Z"}
{"level":"info","message":"uncaughtException received. Shutting down gracefully...","timestamp":"2025-03-30T15:48:57.717Z"}
{"level":"info","message":"MongoDB connected successfully","timestamp":"2025-03-30T15:48:58.368Z"}
{"level":"info","message":"Server running in production mode on port 3000","timestamp":"2025-03-30T15:49:13.172Z"}
{"level":"info","message":"Allowed CORS origins: https://notebookforu.vercel.app, https://notebookforu.vercel.app, http://localhost:3000, http://127.0.0.1:3000, http://localhost:3001, /\\.vercel\\.app$/","timestamp":"2025-03-30T15:49:13.179Z"}
{"level":"info","message":"MongoDB connected successfully","timestamp":"2025-03-30T15:49:14.069Z"}
{"level":"info","message":"Email transporter ready","timestamp":"2025-03-30T15:49:16.467Z"}
{"code":"ESOCKET","command":"CONN","errno":-4077,"level":"error","message":"Failed to send thank-you email: read ECONNRESET","stack":"Error: read ECONNRESET\n    at TLSWrap.onStreamRead (node:internal/stream_base_commons:216:20)","syscall":"read","timestamp":"2025-03-30T16:00:14.861Z"}
{"level":"error","message":"Subscription error: Failed to send confirmation email","stack":"Error: Failed to send confirmation email\n    at sendThankYouEmail (C:\\Users\\Asus\\notebookforu\\backend\\server.js:273:11)\n    at process.processTicksAndRejections (node:internal/process/task_queues:105:5)\n    at async C:\\Users\\Asus\\notebookforu\\backend\\server.js:385:7","timestamp":"2025-03-30T16:00:14.868Z"}
{"level":"info","message":"SIGINT received. Shutting down gracefully...","timestamp":"2025-03-30T17:19:39.193Z"}
{"level":"info","message":"Server running in production mode on port 3000","timestamp":"2025-03-30T17:19:44.118Z"}
{"level":"info","message":"Allowed CORS origins: https://notebookforu.vercel.app, https://notebookforu.vercel.app, http://localhost:3000, http://127.0.0.1:3000, http://localhost:3001, /\\.vercel\\.app$/","timestamp":"2025-03-30T17:19:44.126Z"}
{"level":"info","message":"MongoDB connected successfully","timestamp":"2025-03-30T17:19:45.107Z"}
{"level":"info","message":"Email transporter ready","timestamp":"2025-03-30T17:19:45.903Z"}
{"level":"info","message":"Thank-you email sent to ambreshbakshi@gmail.com","timestamp":"2025-03-30T17:28:16.637Z"}
{"level":"info","message":"SIGINT received. Shutting down gracefully...","timestamp":"2025-03-30T17:49:13.332Z"}
{"level":"info","message":"MongoDB connection closed","timestamp":"2025-03-30T17:49:13.724Z"}
{"level":"info","message":"Server running in production mode on port 3000","timestamp":"2025-03-30T17:49:20.327Z"}
{"level":"info","message":"Allowed CORS origins: https://notebookforu.vercel.app, https://notebookforu.vercel.app, http://localhost:3000, http://127.0.0.1:3000, http://localhost:3001, /\\.vercel\\.app$/","timestamp":"2025-03-30T17:49:20.331Z"}
{"level":"info","message":"MongoDB connected successfully","timestamp":"2025-03-30T17:49:20.974Z"}
{"level":"info","message":"Email transporter ready","timestamp":"2025-03-30T17:49:21.992Z"}
{"level":"info","message":"Welcome email sent to anupmabakshi38682@gmail.com","timestamp":"2025-03-30T18:01:26.457Z"}
{"level":"info","message":"Welcome email sent to ambreshbakshi@gmail.com","timestamp":"2025-03-30T18:21:22.353Z"}
{"level":"info","message":"Welcome email sent to ambreshbakshi@gmail.com","timestamp":"2025-03-30T18:47:30.719Z"}
{"level":"info","message":"SIGINT received. Shutting down gracefully...","timestamp":"2025-03-30T19:21:05.493Z"}
{"level":"info","message":"Server running in production mode on port 3000","timestamp":"2025-03-30T19:21:29.705Z"}
{"level":"info","message":"Allowed CORS origins: https://notebookforu.vercel.app, https://notebookforu.vercel.app, http://localhost:3000, http://127.0.0.1:3000, http://localhost:3001, https://notebookforu-backend.onrender.com, /\\.vercel\\.app$/","timestamp":"2025-03-30T19:21:29.707Z"}
{"level":"info","message":"MongoDB connected successfully","timestamp":"2025-03-30T19:21:30.276Z"}
{"level":"info","message":"Email transporter ready","timestamp":"2025-03-30T19:21:32.069Z"}
{"level":"info","message":"Welcome email sent to ambreshbakshi@gmail.com","timestamp":"2025-03-30T19:23:32.075Z"}
{"level":"info","message":"SIGINT received. Shutting down gracefully...","timestamp":"2025-03-30T19:50:34.248Z"}
